C:\Program Files\Microsoft Visual Studio\2022\Community\MSBuild\Microsoft\VC\v170\Microsoft.CppBuild.targets(514,5): warning MSB8028: The intermediate directory (x64\Debug\) contains files shared from another project (MVEngine.vcxproj).  This can lead to incorrect clean and rebuild behavior.
  Source.cpp
F:\3DEng\3DEngine\polygon.h(17,41): warning C4244: 'argument': conversion from 'int' to 'T', possible loss of data
          with
          [
              T=float
          ]
F:\3DEng\3DEngine\polygon.h(17,37): warning C4244: 'argument': conversion from 'int' to 'T', possible loss of data
          with
          [
              T=float
          ]
F:\3DEng\3DEngine\polygon.h(18,41): warning C4244: 'argument': conversion from 'int' to 'T', possible loss of data
          with
          [
              T=float
          ]
F:\3DEng\3DEngine\polygon.h(18,37): warning C4244: 'argument': conversion from 'int' to 'T', possible loss of data
          with
          [
              T=float
          ]
F:\3DEng\3DEngine\polygon.h(19,41): warning C4244: 'argument': conversion from 'int' to 'T', possible loss of data
          with
          [
              T=float
          ]
F:\3DEng\3DEngine\polygon.h(19,37): warning C4244: 'argument': conversion from 'int' to 'T', possible loss of data
          with
          [
              T=float
          ]
F:\3DEng\3DEngine\Engine.h(17,11): warning C4244: 'initializing': conversion from 'unsigned int' to 'float', possible loss of data
F:\3DEng\3DEngine\Engine.h(18,11): warning C4244: 'initializing': conversion from 'unsigned int' to 'float', possible loss of data
F:\3DEng\3DEngine\Engine.h(285,46): warning C4244: '=': conversion from 'sf::Int32' to 'float', possible loss of data
F:\3DEng\3DEngine\Engine.h(494,1): warning C4267: '=': conversion from 'size_t' to 'int', possible loss of data
F:\3DEng\3DEngine\Engine.h(501,93): warning C4244: 'argument': conversion from 'float' to 'int', possible loss of data
F:\3DEng\3DEngine\Engine.h(501,80): warning C4244: 'argument': conversion from 'float' to 'int', possible loss of data
F:\3DEng\3DEngine\Engine.h(501,67): warning C4244: 'argument': conversion from 'float' to 'int', possible loss of data
F:\3DEng\3DEngine\Engine.h(501,54): warning C4244: 'argument': conversion from 'float' to 'int', possible loss of data
F:\3DEng\3DEngine\Engine.h(501,41): warning C4244: 'argument': conversion from 'float' to 'int', possible loss of data
F:\3DEng\3DEngine\Engine.h(501,28): warning C4244: 'argument': conversion from 'float' to 'int', possible loss of data
F:\3DEng\3DEngine\Engine.h(281): warning C4715: 'Eng::Engine::Triangle_ClipAgainstPlane': not all control paths return a value
  MVEngine.vcxproj -> F:\3DEng\3DEngine\x64\Debug\3DEngine.exe
